#
# There is insufficient memory for the Java Runtime Environment to continue.
# Native memory allocation (mmap) failed to map 170917888 bytes for G1 virtual space
# Possible reasons:
#   The system is out of physical RAM or swap space
#   The process is running with CompressedOops enabled, and the Java Heap may be blocking the growth of the native heap
# Possible solutions:
#   Reduce memory load on the system
#   Increase physical memory or swap space
#   Check if swap backing store is full
#   Decrease Java heap size (-Xmx/-Xms)
#   Decrease number of Java threads
#   Decrease Java thread stack sizes (-Xss)
#   Set larger code cache with -XX:ReservedCodeCacheSize=
#   JVM is running with Unscaled Compressed Oops mode in which the Java heap is
#     placed in the first 4GB address space. The Java Heap base address is the
#     maximum limit for the native heap growth. Please use -XX:HeapBaseMinAddress
#     to set the Java Heap base and to place the Java Heap above 4GB virtual address.
# This output file may be truncated or incomplete.
#
#  Out of Memory Error (os_windows.cpp:3559), pid=11968, tid=8180
#
# JRE version: OpenJDK Runtime Environment Temurin-17.0.7+7 (17.0.7+7) (build 17.0.7+7)
# Java VM: OpenJDK 64-Bit Server VM Temurin-17.0.7+7 (17.0.7+7, mixed mode, emulated-client, tiered, compressed oops, compressed class ptrs, g1 gc, windows-amd64)
# No core dump will be written. Minidumps are not enabled by default on client versions of Windows
#

---------------  S U M M A R Y ------------

Command Line: -XX:+HeapDumpOnOutOfMemoryError -Xmx1024m -Dsts.lsp.client=vscode -Dsts.log.file=/dev/null -XX:TieredStopAtLevel=1 -Xlog:jni+resolve=off -Dspring.config.location=file:c:\Users\domin\.vscode\extensions\vmware.vscode-spring-boot-1.48.0\language-server\BOOT-INF\classes\application.properties org.springframework.ide.vscode.boot.app.BootLanguageServerBootApp

Host: Intel(R) Core(TM) i3-8130U CPU @ 2.20GHz, 4 cores, 7G,  Windows 10 , 64 bit Build 19041 (10.0.19041.3155)
Time: Thu Aug 10 09:08:19 2023  Windows 10 , 64 bit Build 19041 (10.0.19041.3155) elapsed time: 6.172957 seconds (0d 0h 0m 6s)

---------------  T H R E A D  ---------------

Current thread (0x000001b31fafaf80):  VMThread "VM Thread" [stack: 0x0000006938200000,0x0000006938300000] [id=8180]

Stack: [0x0000006938200000,0x0000006938300000]
Native frames: (J=compiled Java code, j=interpreted, Vv=VM code, C=native code)
V  [jvm.dll+0x67754a]
V  [jvm.dll+0x834304]
V  [jvm.dll+0x835aae]
V  [jvm.dll+0x836113]
V  [jvm.dll+0x24696f]
V  [jvm.dll+0x6743f9]
V  [jvm.dll+0x668c8a]
V  [jvm.dll+0x3061bb]
V  [jvm.dll+0x30d6a6]
V  [jvm.dll+0x35cece]
V  [jvm.dll+0x35d0ff]
V  [jvm.dll+0x2dd048]
V  [jvm.dll+0x2db20c]
V  [jvm.dll+0x2da7dc]
V  [jvm.dll+0x31e6db]
V  [jvm.dll+0x83a5bb]
V  [jvm.dll+0x83b2f4]
V  [jvm.dll+0x83b80c]
V  [jvm.dll+0x83bbe4]
V  [jvm.dll+0x83bcb0]
V  [jvm.dll+0x7e4e7a]
V  [jvm.dll+0x676395]
C  [ucrtbase.dll+0x21bb2]
C  [KERNEL32.DLL+0x17614]
C  [ntdll.dll+0x526b1]

VM_Operation (0x0000006939dfe7a0): G1CollectForAllocation, mode: safepoint, requested by thread 0x000001b325780ef0


---------------  P R O C E S S  ---------------

Threads class SMR info:
_java_thread_list=0x000001b3265b2570, length=40, elements={
0x000001b31fb51740, 0x000001b31fb525b0, 0x000001b31fb64840, 0x000001b31fb653f0,
0x000001b31fb67db0, 0x000001b31fb68760, 0x000001b31fb94010, 0x000001b31fb94610,
0x000001b3241d2d50, 0x000001b3241e1370, 0x000001b3241e3ea0, 0x000001b3241fd010,
0x000001b325782bd0, 0x000001b325781890, 0x000001b325783a40, 0x000001b325782700,
0x000001b325781d60, 0x000001b325782230, 0x000001b325783570, 0x000001b325780080,
0x000001b325780a20, 0x000001b325780550, 0x000001b3257830a0, 0x000001b325780ef0,
0x000001b3257813c0, 0x000001b325937d50, 0x000001b32593b240, 0x000001b32593bbe0,
0x000001b32593d3f0, 0x000001b325939560, 0x000001b32593cf20, 0x000001b325939090,
0x000001b32593d8c0, 0x000001b325939f00, 0x000001b32593a8a0, 0x000001b32593b710,
0x000001b32593a3d0, 0x000001b32593ad70, 0x000001b32593c0b0, 0x000001b325936070
}

Java Threads: ( => current thread )
  0x000001b31fb51740 JavaThread "Reference Handler" daemon [_thread_blocked, id=5392, stack(0x0000006938300000,0x0000006938400000)]
  0x000001b31fb525b0 JavaThread "Finalizer" daemon [_thread_blocked, id=14680, stack(0x0000006938400000,0x0000006938500000)]
  0x000001b31fb64840 JavaThread "Signal Dispatcher" daemon [_thread_blocked, id=8664, stack(0x0000006938500000,0x0000006938600000)]
  0x000001b31fb653f0 JavaThread "Attach Listener" daemon [_thread_blocked, id=4840, stack(0x0000006938600000,0x0000006938700000)]
  0x000001b31fb67db0 JavaThread "Service Thread" daemon [_thread_blocked, id=15164, stack(0x0000006938700000,0x0000006938800000)]
  0x000001b31fb68760 JavaThread "Monitor Deflation Thread" daemon [_thread_blocked, id=1916, stack(0x0000006938800000,0x0000006938900000)]
  0x000001b31fb94010 JavaThread "C1 CompilerThread0" daemon [_thread_blocked, id=14664, stack(0x0000006938900000,0x0000006938a00000)]
  0x000001b31fb94610 JavaThread "Sweeper thread" daemon [_thread_blocked, id=16128, stack(0x0000006938a00000,0x0000006938b00000)]
  0x000001b3241d2d50 JavaThread "C1 CompilerThread1" daemon [_thread_blocked, id=6240, stack(0x0000006938b00000,0x0000006938c00000)]
  0x000001b3241e1370 JavaThread "C1 CompilerThread2" daemon [_thread_blocked, id=14860, stack(0x0000006938c00000,0x0000006938d00000)]
  0x000001b3241e3ea0 JavaThread "Notification Thread" daemon [_thread_blocked, id=15508, stack(0x0000006938d00000,0x0000006938e00000)]
  0x000001b3241fd010 JavaThread "Common-Cleaner" daemon [_thread_blocked, id=5420, stack(0x0000006938f00000,0x0000006939000000)]
  0x000001b325782bd0 JavaThread "boundedElastic-evictor-1" daemon [_thread_blocked, id=3352, stack(0x0000006939300000,0x0000006939400000)]
  0x000001b325781890 JavaThread "boundedElastic-evictor-2" daemon [_thread_blocked, id=11984, stack(0x0000006939400000,0x0000006939500000)]
  0x000001b325783a40 JavaThread "pool-11-thread-1" [_thread_blocked, id=8520, stack(0x0000006939500000,0x0000006939600000)]
  0x000001b325782700 JavaThread "LanguageServerApp-lifecycle" [_thread_blocked, id=13228, stack(0x0000006939600000,0x0000006939700000)]
  0x000001b325781d60 JavaThread "DestroyJavaVM" [_thread_blocked, id=8168, stack(0x0000006937b00000,0x0000006937c00000)]
  0x000001b325782230 JavaThread "pool-12-thread-1" [_thread_in_native, id=12124, stack(0x0000006939700000,0x0000006939800000)]
  0x000001b325783570 JavaThread "Simple-Language-Server main thread" daemon [_thread_blocked, id=9476, stack(0x0000006939800000,0x0000006939900000)]
  0x000001b325780080 JavaThread "pool-3-thread-1" [_thread_blocked, id=14228, stack(0x0000006939900000,0x0000006939a00000)]
  0x000001b325780a20 JavaThread "pool-3-thread-2" [_thread_blocked, id=12220, stack(0x0000006939a00000,0x0000006939b00000)]
  0x000001b325780550 JavaThread "pool-7-thread-1" [_thread_blocked, id=9668, stack(0x0000006939b00000,0x0000006939c00000)]
  0x000001b3257830a0 JavaThread "ForkJoinPool.commonPool-worker-1" daemon [_thread_blocked, id=2184, stack(0x0000006939c00000,0x0000006939d00000)]
  0x000001b325780ef0 JavaThread "ClassGraph-worker-0" daemon [_thread_blocked, id=11624, stack(0x0000006939d00000,0x0000006939e00000)]
  0x000001b3257813c0 JavaThread "ClassGraph-worker-1" daemon [_thread_blocked, id=16028, stack(0x0000006939e00000,0x0000006939f00000)]
  0x000001b325937d50 JavaThread "ClassGraph-worker-2" daemon [_thread_blocked, id=9600, stack(0x0000006939f00000,0x000000693a000000)]
  0x000001b32593b240 JavaThread "ClassGraph-worker-3" daemon [_thread_blocked, id=7764, stack(0x000000693a000000,0x000000693a100000)]
  0x000001b32593bbe0 JavaThread "ClassGraph-worker-4" daemon [_thread_blocked, id=13636, stack(0x000000693a100000,0x000000693a200000)]
  0x000001b32593d3f0 JavaThread "ClassGraph-worker-5" daemon [_thread_blocked, id=10040, stack(0x000000693a200000,0x000000693a300000)]
  0x000001b325939560 JavaThread "ClassGraph-worker-6" daemon [_thread_blocked, id=3324, stack(0x000000693a300000,0x000000693a400000)]
  0x000001b32593cf20 JavaThread "ClassGraph-worker-7" daemon [_thread_blocked, id=10848, stack(0x000000693a400000,0x000000693a500000)]
  0x000001b325939090 JavaThread "parallel-1" daemon [_thread_blocked, id=1016, stack(0x000000693a500000,0x000000693a600000)]
  0x000001b32593d8c0 JavaThread "pool-4-thread-1" [_thread_blocked, id=14596, stack(0x000000693a600000,0x000000693a700000)]
  0x000001b325939f00 JavaThread "ForkJoinPool.commonPool-worker-2" daemon [_thread_blocked, id=13584, stack(0x000000693a700000,0x000000693a800000)]
  0x000001b32593a8a0 JavaThread "pool-3-thread-3" [_thread_blocked, id=9892, stack(0x000000693a800000,0x000000693a900000)]
  0x000001b32593b710 JavaThread "pool-4-thread-2" [_thread_blocked, id=5548, stack(0x000000693a900000,0x000000693aa00000)]
  0x000001b32593a3d0 JavaThread "pool-5-thread-1" [_thread_blocked, id=5744, stack(0x000000693aa00000,0x000000693ab00000)]
  0x000001b32593ad70 JavaThread "parallel-2" daemon [_thread_blocked, id=12632, stack(0x000000693ab00000,0x000000693ac00000)]
  0x000001b32593c0b0 JavaThread "Project-Reconciler-1" daemon [_thread_blocked, id=4308, stack(0x000000693ad00000,0x000000693ae00000)]
  0x000001b325936070 JavaThread "ForkJoinPool.commonPool-worker-3" daemon [_thread_blocked, id=12464, stack(0x000000693ae00000,0x000000693af00000)]

Other Threads:
=>0x000001b31fafaf80 VMThread "VM Thread" [stack: 0x0000006938200000,0x0000006938300000] [id=8180]
  0x000001b3241e4370 WatcherThread [stack: 0x0000006938e00000,0x0000006938f00000] [id=8804]
  0x000001b315634670 GCTaskThread "GC Thread#0" [stack: 0x0000006937d00000,0x0000006937e00000] [id=10236]
  0x000001b324847f80 GCTaskThread "GC Thread#1" [stack: 0x0000006939000000,0x0000006939100000] [id=4524]
  0x000001b324848230 GCTaskThread "GC Thread#2" [stack: 0x0000006939100000,0x0000006939200000] [id=2320]
  0x000001b324bc29f0 GCTaskThread "GC Thread#3" [stack: 0x0000006939200000,0x0000006939300000] [id=6512]
  0x000001b31563d5b0 ConcurrentGCThread "G1 Main Marker" [stack: 0x0000006937e00000,0x0000006937f00000] [id=13960]
  0x000001b31563dfd0 ConcurrentGCThread "G1 Conc#0" [stack: 0x0000006937f00000,0x0000006938000000] [id=12068]
  0x000001b3156b7250 ConcurrentGCThread "G1 Refine#0" [stack: 0x0000006938000000,0x0000006938100000] [id=2188]
  0x000001b32645b0e0 ConcurrentGCThread "G1 Refine#1" [stack: 0x000000693ac00000,0x000000693ad00000] [id=11088]
  0x000001b3156b7c70 ConcurrentGCThread "G1 Service" [stack: 0x0000006938100000,0x0000006938200000] [id=6528]

Threads with active compile tasks:

VM state: at safepoint (normal execution)

VM Mutex/Monitor currently owned by a thread:  ([mutex/lock_event])
[0x000001b31342a180] Threads_lock - owner thread: 0x000001b31fafaf80
[0x000001b3155e31b0] Heap_lock - owner thread: 0x000001b325780ef0

Heap address: 0x00000000c0000000, size: 1024 MB, Compressed Oops mode: 32-bit

CDS archive(s) not mapped
Compressed class space mapped at: 0x0000000100000000-0x0000000140000000, reserved size: 1073741824
Narrow klass base: 0x0000000000000000, Narrow klass shift: 3, Narrow klass range: 0x140000000

GC Precious Log:
 CPUs: 4 total, 4 available
 Memory: 8076M
 Large Page Support: Disabled
 NUMA Support: Disabled
 Compressed Oops: Enabled (32-bit)
 Heap Region Size: 1M
 Heap Min Capacity: 8M
 Heap Initial Capacity: 128M
 Heap Max Capacity: 1G
 Pre-touch: Disabled
 Parallel Workers: 4
 Concurrent Workers: 1
 Concurrent Refinement Workers: 4
 Periodic GC: Disabled

Heap:
 garbage-first heap   total 131072K, used 66724K [0x00000000c0000000, 0x0000000100000000)
  region size 1024K, 1 young (1024K), 1 survivors (1024K)
 Metaspace       used 45359K, committed 45888K, reserved 1114112K
  class space    used 5731K, committed 5952K, reserved 1048576K

Heap Regions: E=young(eden), S=young(survivor), O=old, HS=humongous(starts), HC=humongous(continues), CS=collection set, F=free, OA=open archive, CA=closed archive, TAMS=top-at-mark-start (previous, next)
|   0|0x00000000c0000000, 0x00000000c0100000, 0x00000000c0100000|100%| O|  |TAMS 0x00000000c0100000, 0x00000000c0000000| Untracked 
|   1|0x00000000c0100000, 0x00000000c0200000, 0x00000000c0200000|100%| O|  |TAMS 0x00000000c0200000, 0x00000000c0100000| Untracked 
|   2|0x00000000c0200000, 0x00000000c0300000, 0x00000000c0300000|100%| O|  |TAMS 0x00000000c0300000, 0x00000000c0200000| Untracked 
|   3|0x00000000c0300000, 0x00000000c0400000, 0x00000000c0400000|100%| O|  |TAMS 0x00000000c0400000, 0x00000000c0300000| Untracked 
|   4|0x00000000c0400000, 0x00000000c0500000, 0x00000000c0500000|100%| O|  |TAMS 0x00000000c0500000, 0x00000000c0400000| Untracked 
|   5|0x00000000c0500000, 0x00000000c0600000, 0x00000000c0600000|100%| O|  |TAMS 0x00000000c0600000, 0x00000000c0500000| Untracked 
|   6|0x00000000c0600000, 0x00000000c0700000, 0x00000000c0700000|100%| O|  |TAMS 0x00000000c0700000, 0x00000000c0600000| Untracked 
|   7|0x00000000c0700000, 0x00000000c07bb600, 0x00000000c0800000| 73%| O|  |TAMS 0x00000000c07bb600, 0x00000000c0700000| Untracked 
|   8|0x00000000c0800000, 0x00000000c0900000, 0x00000000c0900000|100%| O|  |TAMS 0x00000000c0900000, 0x00000000c0800000| Untracked 
|   9|0x00000000c0900000, 0x00000000c0a00000, 0x00000000c0a00000|100%| O|  |TAMS 0x00000000c0a00000, 0x00000000c0900000| Untracked 
|  10|0x00000000c0a00000, 0x00000000c0b00000, 0x00000000c0b00000|100%| O|  |TAMS 0x00000000c0b00000, 0x00000000c0a00000| Untracked 
|  11|0x00000000c0b00000, 0x00000000c0c00000, 0x00000000c0c00000|100%| O|  |TAMS 0x00000000c0c00000, 0x00000000c0b00000| Untracked 
|  12|0x00000000c0c00000, 0x00000000c0d00000, 0x00000000c0d00000|100%| O|  |TAMS 0x00000000c0d00000, 0x00000000c0c00000| Untracked 
|  13|0x00000000c0d00000, 0x00000000c0e00000, 0x00000000c0e00000|100%| O|  |TAMS 0x00000000c0e00000, 0x00000000c0d00000| Untracked 
|  14|0x00000000c0e00000, 0x00000000c0f00000, 0x00000000c0f00000|100%| O|  |TAMS 0x00000000c0f00000, 0x00000000c0e00000| Untracked 
|  15|0x00000000c0f00000, 0x00000000c1000000, 0x00000000c1000000|100%| O|  |TAMS 0x00000000c1000000, 0x00000000c0f00000| Untracked 
|  16|0x00000000c1000000, 0x00000000c1100000, 0x00000000c1100000|100%| O|  |TAMS 0x00000000c1100000, 0x00000000c1000000| Untracked 
|  17|0x00000000c1100000, 0x00000000c1100000, 0x00000000c1200000|  0%| F|  |TAMS 0x00000000c1100000, 0x00000000c1100000| Untracked 
|  18|0x00000000c1200000, 0x00000000c1300000, 0x00000000c1300000|100%| O|  |TAMS 0x00000000c1300000, 0x00000000c1200000| Untracked 
|  19|0x00000000c1300000, 0x00000000c1400000, 0x00000000c1400000|100%| O|  |TAMS 0x00000000c1400000, 0x00000000c1300000| Untracked 
|  20|0x00000000c1400000, 0x00000000c1500000, 0x00000000c1500000|100%| O|  |TAMS 0x00000000c1500000, 0x00000000c1400000| Untracked 
|  21|0x00000000c1500000, 0x00000000c1600000, 0x00000000c1600000|100%| O|  |TAMS 0x00000000c1600000, 0x00000000c1500000| Untracked 
|  22|0x00000000c1600000, 0x00000000c1700000, 0x00000000c1700000|100%| O|  |TAMS 0x00000000c1700000, 0x00000000c1600000| Untracked 
|  23|0x00000000c1700000, 0x00000000c1800000, 0x00000000c1800000|100%| O|  |TAMS 0x00000000c1800000, 0x00000000c1700000| Untracked 
|  24|0x00000000c1800000, 0x00000000c1900000, 0x00000000c1900000|100%| O|  |TAMS 0x00000000c1900000, 0x00000000c1800000| Untracked 
|  25|0x00000000c1900000, 0x00000000c1a00000, 0x00000000c1a00000|100%| O|  |TAMS 0x00000000c1a00000, 0x00000000c1900000| Untracked 
|  26|0x00000000c1a00000, 0x00000000c1b00000, 0x00000000c1b00000|100%| O|  |TAMS 0x00000000c1b00000, 0x00000000c1a00000| Untracked 
|  27|0x00000000c1b00000, 0x00000000c1c00000, 0x00000000c1c00000|100%| O|  |TAMS 0x00000000c1c00000, 0x00000000c1b00000| Untracked 
|  28|0x00000000c1c00000, 0x00000000c1d00000, 0x00000000c1d00000|100%| O|  |TAMS 0x00000000c1d00000, 0x00000000c1c00000| Untracked 
|  29|0x00000000c1d00000, 0x00000000c1e00000, 0x00000000c1e00000|100%| O|  |TAMS 0x00000000c1e00000, 0x00000000c1d00000| Untracked 
|  30|0x00000000c1e00000, 0x00000000c1f00000, 0x00000000c1f00000|100%| O|  |TAMS 0x00000000c1e00000, 0x00000000c1e00000| Untracked 
|  31|0x00000000c1f00000, 0x00000000c2000000, 0x00000000c2000000|100%| O|  |TAMS 0x00000000c2000000, 0x00000000c1f00000| Untracked 
|  32|0x00000000c2000000, 0x00000000c2100000, 0x00000000c2100000|100%| O|  |TAMS 0x00000000c2100000, 0x00000000c2000000| Untracked 
|  33|0x00000000c2100000, 0x00000000c2200000, 0x00000000c2200000|100%| O|  |TAMS 0x00000000c2200000, 0x00000000c2100000| Untracked 
|  34|0x00000000c2200000, 0x00000000c2300000, 0x00000000c2300000|100%| O|  |TAMS 0x00000000c2300000, 0x00000000c2200000| Untracked 
|  35|0x00000000c2300000, 0x00000000c2400000, 0x00000000c2400000|100%| O|  |TAMS 0x00000000c2400000, 0x00000000c2300000| Untracked 
|  36|0x00000000c2400000, 0x00000000c2500000, 0x00000000c2500000|100%| O|  |TAMS 0x00000000c2500000, 0x00000000c2400000| Untracked 
|  37|0x00000000c2500000, 0x00000000c2600000, 0x00000000c2600000|100%| O|  |TAMS 0x00000000c2600000, 0x00000000c2500000| Untracked 
|  38|0x00000000c2600000, 0x00000000c2700000, 0x00000000c2700000|100%| O|  |TAMS 0x00000000c2700000, 0x00000000c2600000| Untracked 
|  39|0x00000000c2700000, 0x00000000c2800000, 0x00000000c2800000|100%| O|  |TAMS 0x00000000c2800000, 0x00000000c2700000| Untracked 
|  40|0x00000000c2800000, 0x00000000c2900000, 0x00000000c2900000|100%| O|  |TAMS 0x00000000c2900000, 0x00000000c2800000| Untracked 
|  41|0x00000000c2900000, 0x00000000c2a00000, 0x00000000c2a00000|100%| O|  |TAMS 0x00000000c2a00000, 0x00000000c2900000| Untracked 
|  42|0x00000000c2a00000, 0x00000000c2b00000, 0x00000000c2b00000|100%| O|  |TAMS 0x00000000c2b00000, 0x00000000c2a00000| Untracked 
|  43|0x00000000c2b00000, 0x00000000c2c00000, 0x00000000c2c00000|100%| O|  |TAMS 0x00000000c2b9a000, 0x00000000c2b00000| Untracked 
|  44|0x00000000c2c00000, 0x00000000c2d00000, 0x00000000c2d00000|100%| O|  |TAMS 0x00000000c2c00000, 0x00000000c2c00000| Untracked 
|  45|0x00000000c2d00000, 0x00000000c2e00000, 0x00000000c2e00000|100%| O|  |TAMS 0x00000000c2d00000, 0x00000000c2d00000| Untracked 
|  46|0x00000000c2e00000, 0x00000000c2f00000, 0x00000000c2f00000|100%| O|  |TAMS 0x00000000c2e00000, 0x00000000c2e00000| Untracked 
|  47|0x00000000c2f00000, 0x00000000c3000000, 0x00000000c3000000|100%| O|  |TAMS 0x00000000c2f00000, 0x00000000c2f00000| Untracked 
|  48|0x00000000c3000000, 0x00000000c3100000, 0x00000000c3100000|100%| O|  |TAMS 0x00000000c3000000, 0x00000000c3000000| Untracked 
|  49|0x00000000c3100000, 0x00000000c3200000, 0x00000000c3200000|100%| O|  |TAMS 0x00000000c3100000, 0x00000000c3100000| Untracked 
|  50|0x00000000c3200000, 0x00000000c3300000, 0x00000000c3300000|100%| O|  |TAMS 0x00000000c3200000, 0x00000000c3200000| Untracked 
|  51|0x00000000c3300000, 0x00000000c3400000, 0x00000000c3400000|100%| O|  |TAMS 0x00000000c3300000, 0x00000000c3300000| Untracked 
|  52|0x00000000c3400000, 0x00000000c3500000, 0x00000000c3500000|100%| O|  |TAMS 0x00000000c3400000, 0x00000000c3400000| Untracked 
|  53|0x00000000c3500000, 0x00000000c3600000, 0x00000000c3600000|100%|HS|  |TAMS 0x00000000c3500000, 0x00000000c3500000| Complete 
|  54|0x00000000c3600000, 0x00000000c3700000, 0x00000000c3700000|100%| O|  |TAMS 0x00000000c3600000, 0x00000000c3600000| Untracked 
|  55|0x00000000c3700000, 0x00000000c3800000, 0x00000000c3800000|100%| O|  |TAMS 0x00000000c3700000, 0x00000000c3700000| Untracked 
|  56|0x00000000c3800000, 0x00000000c3900000, 0x00000000c3900000|100%| O|  |TAMS 0x00000000c3800000, 0x00000000c3800000| Untracked 
|  57|0x00000000c3900000, 0x00000000c3a00000, 0x00000000c3a00000|100%| O|  |TAMS 0x00000000c3900000, 0x00000000c3900000| Untracked 
|  58|0x00000000c3a00000, 0x00000000c3b00000, 0x00000000c3b00000|100%| O|  |TAMS 0x00000000c3a00000, 0x00000000c3a00000| Untracked 
|  59|0x00000000c3b00000, 0x00000000c3c00000, 0x00000000c3c00000|100%| O|  |TAMS 0x00000000c3b00000, 0x00000000c3b00000| Untracked 
|  60|0x00000000c3c00000, 0x00000000c3d00000, 0x00000000c3d00000|100%| O|  |TAMS 0x00000000c3c00000, 0x00000000c3c00000| Untracked 
|  61|0x00000000c3d00000, 0x00000000c3e00000, 0x00000000c3e00000|100%| O|  |TAMS 0x00000000c3d00000, 0x00000000c3d00000| Untracked 
|  62|0x00000000c3e00000, 0x00000000c3f00000, 0x00000000c3f00000|100%| O|  |TAMS 0x00000000c3e00000, 0x00000000c3e00000| Untracked 
|  63|0x00000000c3f00000, 0x00000000c4000000, 0x00000000c4000000|100%| O|  |TAMS 0x00000000c3f00000, 0x00000000c3f00000| Untracked 
|  64|0x00000000c4000000, 0x00000000c4100000, 0x00000000c4100000|100%| O|  |TAMS 0x00000000c4000000, 0x00000000c4000000| Untracked 
|  65|0x00000000c4100000, 0x00000000c418c400, 0x00000000c4200000| 54%| O|  |TAMS 0x00000000c4100000, 0x00000000c4100000| Untracked 
|  66|0x00000000c4200000, 0x00000000c4200000, 0x00000000c4300000|  0%| F|  |TAMS 0x00000000c4200000, 0x00000000c4200000| Untracked 
|  67|0x00000000c4300000, 0x00000000c4300000, 0x00000000c4400000|  0%| F|  |TAMS 0x00000000c4300000, 0x00000000c4300000| Untracked 
|  68|0x00000000c4400000, 0x00000000c4400000, 0x00000000c4500000|  0%| F|  |TAMS 0x00000000c4400000, 0x00000000c4400000| Untracked 
|  69|0x00000000c4500000, 0x00000000c4500000, 0x00000000c4600000|  0%| F|  |TAMS 0x00000000c4500000, 0x00000000c4500000| Untracked 
|  70|0x00000000c4600000, 0x00000000c4600000, 0x00000000c4700000|  0%| F|  |TAMS 0x00000000c4600000, 0x00000000c4600000| Untracked 
|  71|0x00000000c4700000, 0x00000000c4700000, 0x00000000c4800000|  0%| F|  |TAMS 0x00000000c4700000, 0x00000000c4700000| Untracked 
|  72|0x00000000c4800000, 0x00000000c4800000, 0x00000000c4900000|  0%| F|  |TAMS 0x00000000c4800000, 0x00000000c4800000| Untracked 
|  73|0x00000000c4900000, 0x00000000c4900000, 0x00000000c4a00000|  0%| F|  |TAMS 0x00000000c4900000, 0x00000000c4900000| Untracked 
|  74|0x00000000c4a00000, 0x00000000c4a00000, 0x00000000c4b00000|  0%| F|  |TAMS 0x00000000c4a00000, 0x00000000c4a00000| Untracked 
|  75|0x00000000c4b00000, 0x00000000c4b00000, 0x00000000c4c00000|  0%| F|  |TAMS 0x00000000c4b00000, 0x00000000c4b00000| Untracked 
|  76|0x00000000c4c00000, 0x00000000c4c00000, 0x00000000c4d00000|  0%| F|  |TAMS 0x00000000c4c00000, 0x00000000c4c00000| Untracked 
|  77|0x00000000c4d00000, 0x00000000c4d00000, 0x00000000c4e00000|  0%| F|  |TAMS 0x00000000c4d00000, 0x00000000c4d00000| Untracked 
|  78|0x00000000c4e00000, 0x00000000c4e00000, 0x00000000c4f00000|  0%| F|  |TAMS 0x00000000c4e00000, 0x00000000c4e00000| Untracked 
|  79|0x00000000c4f00000, 0x00000000c4f00000, 0x00000000c5000000|  0%| F|  |TAMS 0x00000000c4f00000, 0x00000000c4f00000| Untracked 
|  80|0x00000000c5000000, 0x00000000c5000000, 0x00000000c5100000|  0%| F|  |TAMS 0x00000000c5000000, 0x00000000c5000000| Untracked 
|  81|0x00000000c5100000, 0x00000000c5100000, 0x00000000c5200000|  0%| F|  |TAMS 0x00000000c5100000, 0x00000000c5100000| Untracked 
|  82|0x00000000c5200000, 0x00000000c5200000, 0x00000000c5300000|  0%| F|  |TAMS 0x00000000c5200000, 0x00000000c5200000| Untracked 
|  83|0x00000000c5300000, 0x00000000c5300000, 0x00000000c5400000|  0%| F|  |TAMS 0x00000000c5300000, 0x00000000c5300000| Untracked 
|  84|0x00000000c5400000, 0x00000000c5400000, 0x00000000c5500000|  0%| F|  |TAMS 0x00000000c5400000, 0x00000000c5400000| Untracked 
|  85|0x00000000c5500000, 0x00000000c5500000, 0x00000000c5600000|  0%| F|  |TAMS 0x00000000c5500000, 0x00000000c5500000| Untracked 
|  86|0x00000000c5600000, 0x00000000c5600000, 0x00000000c5700000|  0%| F|  |TAMS 0x00000000c5600000, 0x00000000c5600000| Untracked 
|  87|0x00000000c5700000, 0x00000000c5700000, 0x00000000c5800000|  0%| F|  |TAMS 0x00000000c5700000, 0x00000000c5700000| Untracked 
|  88|0x00000000c5800000, 0x00000000c5800000, 0x00000000c5900000|  0%| F|  |TAMS 0x00000000c5800000, 0x00000000c5800000| Untracked 
|  89|0x00000000c5900000, 0x00000000c5900000, 0x00000000c5a00000|  0%| F|  |TAMS 0x00000000c5900000, 0x00000000c5900000| Untracked 
|  90|0x00000000c5a00000, 0x00000000c5a00000, 0x00000000c5b00000|  0%| F|  |TAMS 0x00000000c5a00000, 0x00000000c5a00000| Untracked 
|  91|0x00000000c5b00000, 0x00000000c5b00000, 0x00000000c5c00000|  0%| F|  |TAMS 0x00000000c5b00000, 0x00000000c5b00000| Untracked 
|  92|0x00000000c5c00000, 0x00000000c5c00000, 0x00000000c5d00000|  0%| F|  |TAMS 0x00000000c5c00000, 0x00000000c5c00000| Untracked 
|  93|0x00000000c5d00000, 0x00000000c5d00000, 0x00000000c5e00000|  0%| F|  |TAMS 0x00000000c5d00000, 0x00000000c5d00000| Untracked 
|  94|0x00000000c5e00000, 0x00000000c5e00000, 0x00000000c5f00000|  0%| F|  |TAMS 0x00000000c5e00000, 0x00000000c5e00000| Untracked 
|  95|0x00000000c5f00000, 0x00000000c5f00000, 0x00000000c6000000|  0%| F|  |TAMS 0x00000000c5f00000, 0x00000000c5f00000| Untracked 
|  96|0x00000000c6000000, 0x00000000c6000000, 0x00000000c6100000|  0%| F|  |TAMS 0x00000000c6000000, 0x00000000c6000000| Untracked 
|  97|0x00000000c6100000, 0x00000000c6100000, 0x00000000c6200000|  0%| F|  |TAMS 0x00000000c6100000, 0x00000000c6100000| Untracked 
|  98|0x00000000c6200000, 0x00000000c6200000, 0x00000000c6300000|  0%| F|  |TAMS 0x00000000c6200000, 0x00000000c6200000| Untracked 
|  99|0x00000000c6300000, 0x00000000c6300000, 0x00000000c6400000|  0%| F|  |TAMS 0x00000000c6300000, 0x00000000c6300000| Untracked 
| 100|0x00000000c6400000, 0x00000000c6400000, 0x00000000c6500000|  0%| F|  |TAMS 0x00000000c6400000, 0x00000000c6400000| Untracked 
| 101|0x00000000c6500000, 0x00000000c6500000, 0x00000000c6600000|  0%| F|  |TAMS 0x00000000c6500000, 0x00000000c6500000| Untracked 
| 102|0x00000000c6600000, 0x00000000c6600000, 0x00000000c6700000|  0%| F|  |TAMS 0x00000000c6600000, 0x00000000c6600000| Untracked 
| 103|0x00000000c6700000, 0x00000000c6700000, 0x00000000c6800000|  0%| F|  |TAMS 0x00000000c6700000, 0x00000000c6700000| Untracked 
| 104|0x00000000c6800000, 0x00000000c6800000, 0x00000000c6900000|  0%| F|  |TAMS 0x00000000c6800000, 0x00000000c6800000| Untracked 
| 105|0x00000000c6900000, 0x00000000c6900000, 0x00000000c6a00000|  0%| F|  |TAMS 0x00000000c6900000, 0x00000000c6900000| Untracked 
| 106|0x00000000c6a00000, 0x00000000c6a00000, 0x00000000c6b00000|  0%| F|  |TAMS 0x00000000c6a00000, 0x00000000c6a00000| Untracked 
| 107|0x00000000c6b00000, 0x00000000c6b00000, 0x00000000c6c00000|  0%| F|  |TAMS 0x00000000c6b00000, 0x00000000c6b00000| Untracked 
| 108|0x00000000c6c00000, 0x00000000c6c00000, 0x00000000c6d00000|  0%| F|  |TAMS 0x00000000c6c00000, 0x00000000c6c00000| Untracked 
| 109|0x00000000c6d00000, 0x00000000c6d00000, 0x00000000c6e00000|  0%| F|  |TAMS 0x00000000c6d00000, 0x00000000c6d00000| Untracked 
| 110|0x00000000c6e00000, 0x00000000c6e00000, 0x00000000c6f00000|  0%| F|  |TAMS 0x00000000c6e00000, 0x00000000c6e00000| Untracked 
| 111|0x00000000c6f00000, 0x00000000c6f00000, 0x00000000c7000000|  0%| F|  |TAMS 0x00000000c6f00000, 0x00000000c6f00000| Untracked 
| 112|0x00000000c7000000, 0x00000000c7000000, 0x00000000c7100000|  0%| F|  |TAMS 0x00000000c7000000, 0x00000000c7000000| Untracked 
| 113|0x00000000c7100000, 0x00000000c7100000, 0x00000000c7200000|  0%| F|  |TAMS 0x00000000c7100000, 0x00000000c7100000| Untracked 
| 114|0x00000000c7200000, 0x00000000c7200000, 0x00000000c7300000|  0%| F|  |TAMS 0x00000000c7200000, 0x00000000c7200000| Untracked 
| 115|0x00000000c7300000, 0x00000000c7300000, 0x00000000c7400000|  0%| F|  |TAMS 0x00000000c7300000, 0x00000000c7300000| Untracked 
| 116|0x00000000c7400000, 0x00000000c7400000, 0x00000000c7500000|  0%| F|  |TAMS 0x00000000c7400000, 0x00000000c7400000| Untracked 
| 117|0x00000000c7500000, 0x00000000c7500000, 0x00000000c7600000|  0%| F|  |TAMS 0x00000000c7500000, 0x00000000c7500000| Untracked 
| 118|0x00000000c7600000, 0x00000000c7600000, 0x00000000c7700000|  0%| F|  |TAMS 0x00000000c7600000, 0x00000000c7600000| Untracked 
| 119|0x00000000c7700000, 0x00000000c7700000, 0x00000000c7800000|  0%| F|  |TAMS 0x00000000c7700000, 0x00000000c7700000| Untracked 
| 120|0x00000000c7800000, 0x00000000c7800000, 0x00000000c7900000|  0%| F|  |TAMS 0x00000000c7800000, 0x00000000c7800000| Untracked 
| 121|0x00000000c7900000, 0x00000000c7900000, 0x00000000c7a00000|  0%| F|  |TAMS 0x00000000c7900000, 0x00000000c7900000| Untracked 
| 122|0x00000000c7a00000, 0x00000000c7a00000, 0x00000000c7b00000|  0%| F|  |TAMS 0x00000000c7a00000, 0x00000000c7a00000| Untracked 
| 123|0x00000000c7b00000, 0x00000000c7b00000, 0x00000000c7c00000|  0%| F|  |TAMS 0x00000000c7b00000, 0x00000000c7b00000| Untracked 
| 124|0x00000000c7c00000, 0x00000000c7c00000, 0x00000000c7d00000|  0%| F|  |TAMS 0x00000000c7c00000, 0x00000000c7c00000| Untracked 
| 125|0x00000000c7d00000, 0x00000000c7d00000, 0x00000000c7e00000|  0%| F|  |TAMS 0x00000000c7d00000, 0x00000000c7d00000| Untracked 
| 126|0x00000000c7e00000, 0x00000000c7ee19b8, 0x00000000c7f00000| 88%| S|CS|TAMS 0x00000000c7e00000, 0x00000000c7e00000| Complete 
| 127|0x00000000c7f00000, 0x00000000c7f00000, 0x00000000c8000000|  0%| F|  |TAMS 0x00000000c7f00000, 0x00000000c7f00000| Untracked 

Card table byte_map: [0x000001b31b280000,0x000001b31b480000] _byte_map_base: 0x000001b31ac80000

Marking Bits (Prev, Next): (CMBitMap*) 0x000001b315634c80, (CMBitMap*) 0x000001b315634cc0
 Prev Bits: [0x000001b31b680000, 0x000001b31c680000)
 Next Bits: [0x000001b31c680000, 0x000001b31d680000)

Polling page: 0x000001b313750000

Metaspace:

Usage:
  Non-class:     38.70 MB used.
      Class:      5.60 MB used.
       Both:     44.30 MB used.

Virtual space:
  Non-class space:       64.00 MB reserved,      39.00 MB ( 61%) committed,  1 nodes.
      Class space:        1.00 GB reserved,       5.81 MB ( <1%) committed,  1 nodes.
             Both:        1.06 GB reserved,      44.81 MB (  4%) committed. 

Chunk freelists:
   Non-Class:  8.30 MB
       Class:  10.00 MB
        Both:  18.30 MB

MaxMetaspaceSize: unlimited
CompressedClassSpaceSize: 1.00 GB
Initial GC threshold: 21.00 MB
Current GC threshold: 69.69 MB
CDS: off
MetaspaceReclaimPolicy: balanced
 - commit_granule_bytes: 65536.
 - commit_granule_words: 8192.
 - virtual_space_node_default_size: 8388608.
 - enlarge_chunks_in_place: 1.
 - new_chunks_are_fully_committed: 0.
 - uncommit_free_chunks: 1.
 - use_allocation_guard: 0.
 - handle_deallocations: 1.


Internal statistics:

num_allocs_failed_limit: 6.
num_arena_births: 556.
num_arena_deaths: 0.
num_vsnodes_births: 2.
num_vsnodes_deaths: 0.
num_space_committed: 717.
num_space_uncommitted: 0.
num_chunks_returned_to_freelist: 6.
num_chunks_taken_from_freelist: 1970.
num_chunk_merges: 3.
num_chunk_splits: 1337.
num_chunks_enlarged: 1006.
num_inconsistent_stats: 0.

CodeCache: size=49152Kb used=9442Kb max_used=9442Kb free=39709Kb
 bounds [0x000001b318280000, 0x000001b318bc0000, 0x000001b31b280000]
 total_blobs=5009 nmethods=4427 adapters=507
 compilation: enabled
              stopped_count=0, restarted_count=0
 full_count=0

Compilation events (20 events):
Event: 6.161 Thread 0x000001b3241d2d50 4418       1       java.util.Arrays$ArrayList::contains (14 bytes)
Event: 6.161 Thread 0x000001b31fb94010 4419       1       java.util.Arrays$ArrayList::indexOf (62 bytes)
Event: 6.162 Thread 0x000001b3241d2d50 nmethod 4418 0x000001b318bb4f90 code [0x000001b318bb5120, 0x000001b318bb5208]
Event: 6.162 Thread 0x000001b3241e1370 4420       1       sun.security.ssl.CipherSuite::supports (11 bytes)
Event: 6.162 Thread 0x000001b31fb94010 nmethod 4419 0x000001b318bb5290 code [0x000001b318bb5440, 0x000001b318bb5628]
Event: 6.162 Thread 0x000001b3241e1370 nmethod 4420 0x000001b318bb5790 code [0x000001b318bb5920, 0x000001b318bb5a08]
Event: 6.162 Thread 0x000001b3241d2d50 4421   !   1       java.util.ImmutableCollections$ListItr::next (34 bytes)
Event: 6.162 Thread 0x000001b31fb94010 4422       1       java.util.RegularEnumSet::isEmpty (15 bytes)
Event: 6.162 Thread 0x000001b3241d2d50 nmethod 4421 0x000001b318bb5a90 code [0x000001b318bb5c40, 0x000001b318bb5df8]
Event: 6.162 Thread 0x000001b31fb94010 nmethod 4422 0x000001b318bb5f10 code [0x000001b318bb60a0, 0x000001b318bb6198]
Event: 6.162 Thread 0x000001b31fb94010 4423       1       sun.security.util.DisabledAlgorithmConstraints::permits (70 bytes)
Event: 6.162 Thread 0x000001b3241d2d50 4424   !   1       sun.security.util.DisabledAlgorithmConstraints::cachedCheckAlgorithm (116 bytes)
Event: 6.163 Thread 0x000001b31fb94010 nmethod 4423 0x000001b318bb6210 code [0x000001b318bb6400, 0x000001b318bb6748]
Event: 6.163 Thread 0x000001b31fb94010 4425       1       java.util.EnumSet::of (16 bytes)
Event: 6.163 Thread 0x000001b31fb94010 nmethod 4425 0x000001b318bb6910 code [0x000001b318bb6ac0, 0x000001b318bb6c08]
Event: 6.163 Thread 0x000001b3241e1370 4426       1       sun.security.ssl.SSLAlgorithmConstraints::permits (96 bytes)
Event: 6.163 Thread 0x000001b3241d2d50 nmethod 4424 0x000001b318bb6d90 code [0x000001b318bb6f80, 0x000001b318bb7608]
Event: 6.163 Thread 0x000001b31fb94010 4427       1       sun.security.ssl.CipherSuite::isAvailable (52 bytes)
Event: 6.163 Thread 0x000001b31fb94010 nmethod 4427 0x000001b318bb7890 code [0x000001b318bb7a40, 0x000001b318bb7bb8]
Event: 6.163 Thread 0x000001b3241e1370 nmethod 4426 0x000001b318bb7f90 code [0x000001b318bb8160, 0x000001b318bb8378]

GC Heap History (20 events):
Event: 5.234 GC heap after
{Heap after GC invocations=11 (full 0):
 garbage-first heap   total 66560K, used 24407K [0x00000000c0000000, 0x0000000100000000)
  region size 1024K, 4 young (4096K), 4 survivors (4096K)
 Metaspace       used 39102K, committed 39552K, reserved 1114112K
  class space    used 5125K, committed 5312K, reserved 1048576K
}
Event: 5.353 GC heap before
{Heap before GC invocations=11 (full 0):
 garbage-first heap   total 66560K, used 47959K [0x00000000c0000000, 0x0000000100000000)
  region size 1024K, 28 young (28672K), 4 survivors (4096K)
 Metaspace       used 39229K, committed 39616K, reserved 1114112K
  class space    used 5150K, committed 5312K, reserved 1048576K
}
Event: 5.359 GC heap after
{Heap after GC invocations=12 (full 0):
 garbage-first heap   total 66560K, used 29510K [0x00000000c0000000, 0x0000000100000000)
  region size 1024K, 4 young (4096K), 4 survivors (4096K)
 Metaspace       used 39229K, committed 39616K, reserved 1114112K
  class space    used 5150K, committed 5312K, reserved 1048576K
}
Event: 5.460 GC heap before
{Heap before GC invocations=12 (full 0):
 garbage-first heap   total 66560K, used 47942K [0x00000000c0000000, 0x0000000100000000)
  region size 1024K, 23 young (23552K), 4 survivors (4096K)
 Metaspace       used 39626K, committed 40000K, reserved 1114112K
  class space    used 5195K, committed 5376K, reserved 1048576K
}
Event: 5.465 GC heap after
{Heap after GC invocations=13 (full 0):
 garbage-first heap   total 66560K, used 34102K [0x00000000c0000000, 0x0000000100000000)
  region size 1024K, 3 young (3072K), 3 survivors (3072K)
 Metaspace       used 39626K, committed 40000K, reserved 1114112K
  class space    used 5195K, committed 5376K, reserved 1048576K
}
Event: 5.543 GC heap before
{Heap before GC invocations=13 (full 0):
 garbage-first heap   total 66560K, used 48438K [0x00000000c0000000, 0x0000000100000000)
  region size 1024K, 18 young (18432K), 3 survivors (3072K)
 Metaspace       used 40154K, committed 40576K, reserved 1114112K
  class space    used 5246K, committed 5440K, reserved 1048576K
}
Event: 5.548 GC heap after
{Heap after GC invocations=14 (full 0):
 garbage-first heap   total 66560K, used 37221K [0x00000000c0000000, 0x0000000100000000)
  region size 1024K, 3 young (3072K), 3 survivors (3072K)
 Metaspace       used 40154K, committed 40576K, reserved 1114112K
  class space    used 5246K, committed 5440K, reserved 1048576K
}
Event: 5.606 GC heap before
{Heap before GC invocations=14 (full 0):
 garbage-first heap   total 66560K, used 50533K [0x00000000c0000000, 0x0000000100000000)
  region size 1024K, 16 young (16384K), 3 survivors (3072K)
 Metaspace       used 40451K, committed 40896K, reserved 1114112K
  class space    used 5282K, committed 5504K, reserved 1048576K
}
Event: 5.610 GC heap after
{Heap after GC invocations=15 (full 0):
 garbage-first heap   total 96256K, used 39117K [0x00000000c0000000, 0x0000000100000000)
  region size 1024K, 2 young (2048K), 2 survivors (2048K)
 Metaspace       used 40451K, committed 40896K, reserved 1114112K
  class space    used 5282K, committed 5504K, reserved 1048576K
}
Event: 5.694 GC heap before
{Heap before GC invocations=16 (full 0):
 garbage-first heap   total 96256K, used 68813K [0x00000000c0000000, 0x0000000100000000)
  region size 1024K, 32 young (32768K), 2 survivors (2048K)
 Metaspace       used 41187K, committed 41664K, reserved 1114112K
  class space    used 5346K, committed 5568K, reserved 1048576K
}
Event: 5.701 GC heap after
{Heap after GC invocations=17 (full 0):
 garbage-first heap   total 96256K, used 43718K [0x00000000c0000000, 0x0000000100000000)
  region size 1024K, 4 young (4096K), 4 survivors (4096K)
 Metaspace       used 41187K, committed 41664K, reserved 1114112K
  class space    used 5346K, committed 5568K, reserved 1048576K
}
Event: 5.703 GC heap before
{Heap before GC invocations=17 (full 0):
 garbage-first heap   total 96256K, used 44742K [0x00000000c0000000, 0x0000000100000000)
  region size 1024K, 5 young (5120K), 4 survivors (4096K)
 Metaspace       used 41187K, committed 41664K, reserved 1114112K
  class space    used 5346K, committed 5568K, reserved 1048576K
}
Event: 5.707 GC heap after
{Heap after GC invocations=18 (full 0):
 garbage-first heap   total 96256K, used 44226K [0x00000000c0000000, 0x0000000100000000)
  region size 1024K, 1 young (1024K), 1 survivors (1024K)
 Metaspace       used 41187K, committed 41664K, reserved 1114112K
  class space    used 5346K, committed 5568K, reserved 1048576K
}
Event: 5.770 GC heap before
{Heap before GC invocations=18 (full 0):
 garbage-first heap   total 96256K, used 70850K [0x00000000c0000000, 0x0000000100000000)
  region size 1024K, 28 young (28672K), 1 survivors (1024K)
 Metaspace       used 41826K, committed 42240K, reserved 1114112K
  class space    used 5368K, committed 5568K, reserved 1048576K
}
Event: 5.777 GC heap after
{Heap after GC invocations=19 (full 0):
 garbage-first heap   total 96256K, used 50925K [0x00000000c0000000, 0x0000000100000000)
  region size 1024K, 4 young (4096K), 4 survivors (4096K)
 Metaspace       used 41826K, committed 42240K, reserved 1114112K
  class space    used 5368K, committed 5568K, reserved 1048576K
}
Event: 5.909 GC heap before
{Heap before GC invocations=19 (full 0):
 garbage-first heap   total 117760K, used 71405K [0x00000000c0000000, 0x0000000100000000)
  region size 1024K, 25 young (25600K), 4 survivors (4096K)
 Metaspace       used 42467K, committed 42944K, reserved 1114112K
  class space    used 5436K, committed 5632K, reserved 1048576K
}
Event: 5.921 GC heap after
{Heap after GC invocations=20 (full 0):
 garbage-first heap   total 117760K, used 57896K [0x00000000c0000000, 0x0000000100000000)
  region size 1024K, 4 young (4096K), 4 survivors (4096K)
 Metaspace       used 42467K, committed 42944K, reserved 1114112K
  class space    used 5436K, committed 5632K, reserved 1048576K
}
Event: 6.150 GC heap before
{Heap before GC invocations=21 (full 0):
 garbage-first heap   total 117760K, used 87592K [0x00000000c0000000, 0x0000000100000000)
  region size 1024K, 32 young (32768K), 4 survivors (4096K)
 Metaspace       used 45276K, committed 45760K, reserved 1114112K
  class space    used 5724K, committed 5952K, reserved 1048576K
}
Event: 6.158 GC heap after
{Heap after GC invocations=22 (full 0):
 garbage-first heap   total 117760K, used 65813K [0x00000000c0000000, 0x0000000100000000)
  region size 1024K, 4 young (4096K), 4 survivors (4096K)
 Metaspace       used 45276K, committed 45760K, reserved 1114112K
  class space    used 5724K, committed 5952K, reserved 1048576K
}
Event: 6.165 GC heap before
{Heap before GC invocations=22 (full 0):
 garbage-first heap   total 117760K, used 66837K [0x00000000c0000000, 0x0000000100000000)
  region size 1024K, 5 young (5120K), 4 survivors (4096K)
 Metaspace       used 45359K, committed 45888K, reserved 1114112K
  class space    used 5731K, committed 5952K, reserved 1048576K
}

Dll operation events (7 events):
Event: 0.010 Loaded shared library c:\Users\domin\.vscode\extensions\redhat.java-1.21.0-win32-x64\jre\17.0.7-win32-x86_64\bin\java.dll
Event: 0.891 Loaded shared library C:\Users\domin\.vscode\extensions\redhat.java-1.21.0-win32-x64\jre\17.0.7-win32-x86_64\bin\net.dll
Event: 0.893 Loaded shared library C:\Users\domin\.vscode\extensions\redhat.java-1.21.0-win32-x64\jre\17.0.7-win32-x86_64\bin\nio.dll
Event: 0.906 Loaded shared library C:\Users\domin\.vscode\extensions\redhat.java-1.21.0-win32-x64\jre\17.0.7-win32-x86_64\bin\zip.dll
Event: 1.280 Loaded shared library C:\Users\domin\.vscode\extensions\redhat.java-1.21.0-win32-x64\jre\17.0.7-win32-x86_64\bin\jimage.dll
Event: 4.711 Loaded shared library C:\Users\domin\.vscode\extensions\redhat.java-1.21.0-win32-x64\jre\17.0.7-win32-x86_64\bin\management.dll
Event: 4.716 Loaded shared library C:\Users\domin\.vscode\extensions\redhat.java-1.21.0-win32-x64\jre\17.0.7-win32-x86_64\bin\management_ext.dll

Deoptimization events (12 events):
Event: 3.059 Thread 0x000001b3155f49d0 DEOPT PACKING pc=0x000001b3187f8199 sp=0x0000006937bfd2c0
Event: 3.059 Thread 0x000001b3155f49d0 DEOPT UNPACKING pc=0x000001b3182d7143 sp=0x0000006937bfc7a0 mode 3
Event: 4.997 Thread 0x000001b325783570 DEOPT PACKING pc=0x000001b3189e17b5 sp=0x00000069398fe020
Event: 4.997 Thread 0x000001b325783570 DEOPT UNPACKING pc=0x000001b3182d7143 sp=0x00000069398fd548 mode 3
Event: 5.032 Thread 0x000001b325782230 DEOPT PACKING pc=0x000001b3187a5581 sp=0x00000069397fd8b0
Event: 5.032 Thread 0x000001b325782230 DEOPT UNPACKING pc=0x000001b3182d7143 sp=0x00000069397fcd40 mode 3
Event: 5.036 Thread 0x000001b325783570 DEOPT PACKING pc=0x000001b318786217 sp=0x00000069398ff050
Event: 5.036 Thread 0x000001b325783570 DEOPT UNPACKING pc=0x000001b3182d7143 sp=0x00000069398fe4a8 mode 3
Event: 5.166 Thread 0x000001b3257830a0 DEOPT PACKING pc=0x000001b318a044ab sp=0x0000006939cfe3c0
Event: 5.166 Thread 0x000001b3257830a0 DEOPT UNPACKING pc=0x000001b3182d7143 sp=0x0000006939cfd908 mode 3
Event: 6.077 Thread 0x000001b325939f00 DEOPT PACKING pc=0x000001b3184fc28c sp=0x000000693a7fec30
Event: 6.077 Thread 0x000001b325939f00 DEOPT UNPACKING pc=0x000001b3182d7143 sp=0x000000693a7fe0f8 mode 0

Classes unloaded (0 events):
No events

Classes redefined (0 events):
No events

Internal exceptions (20 events):
Event: 5.202 Thread 0x000001b3257813c0 Exception <a 'sun/nio/fs/WindowsException'{0x00000000c2ead6e8}> (0x00000000c2ead6e8) 
thrown [s\src\hotspot\share\prims\jni.cpp, line 516]
Event: 5.202 Thread 0x000001b3257813c0 Exception <a 'sun/nio/fs/WindowsException'{0x00000000c2eadaa0}> (0x00000000c2eadaa0) 
thrown [s\src\hotspot\share\prims\jni.cpp, line 516]
Event: 5.202 Thread 0x000001b3257813c0 Exception <a 'sun/nio/fs/WindowsException'{0x00000000c2eae4b0}> (0x00000000c2eae4b0) 
thrown [s\src\hotspot\share\prims\jni.cpp, line 516]
Event: 5.202 Thread 0x000001b3257813c0 Exception <a 'sun/nio/fs/WindowsException'{0x00000000c2eae888}> (0x00000000c2eae888) 
thrown [s\src\hotspot\share\prims\jni.cpp, line 516]
Event: 5.203 Thread 0x000001b3257813c0 Exception <a 'sun/nio/fs/WindowsException'{0x00000000c2eaf2b0}> (0x00000000c2eaf2b0) 
thrown [s\src\hotspot\share\prims\jni.cpp, line 516]
Event: 5.203 Thread 0x000001b3257813c0 Exception <a 'sun/nio/fs/WindowsException'{0x00000000c2eaf6a0}> (0x00000000c2eaf6a0) 
thrown [s\src\hotspot\share\prims\jni.cpp, line 516]
Event: 5.203 Thread 0x000001b3257813c0 Exception <a 'sun/nio/fs/WindowsException'{0x00000000c2eb00c0}> (0x00000000c2eb00c0) 
thrown [s\src\hotspot\share\prims\jni.cpp, line 516]
Event: 5.203 Thread 0x000001b3257813c0 Exception <a 'sun/nio/fs/WindowsException'{0x00000000c2eb04a8}> (0x00000000c2eb04a8) 
thrown [s\src\hotspot\share\prims\jni.cpp, line 516]
Event: 5.219 Thread 0x000001b325782230 Exception <a 'java/lang/NoSuchMethodError'{0x00000000c2af80f0}: 'int java.lang.invoke.DirectMethodHandle$Holder.invokeStatic(java.lang.Object)'> (0x00000000c2af80f0) 
thrown [s\src\hotspot\share\interpreter\linkResolver.cpp, line 759]
Event: 5.219 Thread 0x000001b325782230 Exception <a 'java/lang/NoSuchMethodError'{0x00000000c2afb798}: 'int java.lang.invoke.DirectMethodHandle$Holder.invokeStaticInit(java.lang.Object)'> (0x00000000c2afb798) 
thrown [s\src\hotspot\share\interpreter\linkResolver.cpp, line 759]
Event: 5.382 Thread 0x000001b325783570 Exception <a 'java/lang/NoSuchMethodError'{0x00000000c5ddcb08}: 'java.lang.Object java.lang.invoke.DirectMethodHandle$Holder.newInvokeSpecial(java.lang.Object, java.lang.Object, int)'> (0x00000000c5ddcb08) 
thrown [s\src\hotspot\share\interpreter\linkResolver.cpp, line 759]
Event: 5.484 Thread 0x000001b32593b240 Exception <a 'sun/nio/fs/WindowsException'{0x00000000c5954070}> (0x00000000c5954070) 
thrown [s\src\hotspot\share\prims\jni.cpp, line 516]
Event: 5.484 Thread 0x000001b32593b240 Exception <a 'sun/nio/fs/WindowsException'{0x00000000c5956868}> (0x00000000c5956868) 
thrown [s\src\hotspot\share\prims\jni.cpp, line 516]
Event: 5.485 Thread 0x000001b32593b240 Exception <a 'sun/nio/fs/WindowsException'{0x00000000c5959060}> (0x00000000c5959060) 
thrown [s\src\hotspot\share\prims\jni.cpp, line 516]
Event: 5.486 Thread 0x000001b32593b240 Exception <a 'sun/nio/fs/WindowsException'{0x00000000c596c5c8}> (0x00000000c596c5c8) 
thrown [s\src\hotspot\share\prims\jni.cpp, line 516]
Event: 5.486 Thread 0x000001b325939560 Exception <a 'sun/nio/fs/WindowsException'{0x00000000c5964e28}> (0x00000000c5964e28) 
thrown [s\src\hotspot\share\prims\jni.cpp, line 516]
Event: 5.497 Thread 0x000001b3257813c0 Exception <a 'sun/nio/fs/WindowsException'{0x00000000c59428c8}> (0x00000000c59428c8) 
thrown [s\src\hotspot\share\prims\jni.cpp, line 516]
Event: 5.866 Thread 0x000001b32593a3d0 Exception <a 'java/lang/NoSuchMethodError'{0x00000000c4ba1fd8}: 'java.lang.Object java.lang.invoke.Invokers$Holder.invoke_MT(java.lang.Object, java.lang.Object, java.lang.Object)'> (0x00000000c4ba1fd8) 
thrown [s\src\hotspot\share\interpreter\linkResolver.cpp, line 759]
Event: 5.982 Thread 0x000001b325939f00 Exception <a 'java/lang/NoSuchMethodError'{0x00000000c68ddc98}: 'void java.lang.invoke.DirectMethodHandle$Holder.invokeVirtual(java.lang.Object, java.lang.Object, java.lang.Object, java.lang.Object)'> (0x00000000c68ddc98) 
thrown [s\src\hotspot\share\interpreter\linkResolver.cpp, line 759]
Event: 6.103 Thread 0x000001b325939f00 Exception <a 'sun/nio/fs/WindowsException'{0x00000000c57ec388}> (0x00000000c57ec388) 
thrown [s\src\hotspot\share\prims\jni.cpp, line 516]

VM Operations (20 events):
Event: 5.872 Executing VM operation: G1Concurrent done
Event: 5.909 Executing VM operation: G1CollectForAllocation
Event: 5.921 Executing VM operation: G1CollectForAllocation done
Event: 5.928 Executing VM operation: HandshakeAllThreads
Event: 5.928 Executing VM operation: HandshakeAllThreads done
Event: 5.929 Executing VM operation: G1Concurrent
Event: 5.929 Executing VM operation: G1Concurrent done
Event: 5.980 Executing VM operation: HandshakeAllThreads
Event: 5.980 Executing VM operation: HandshakeAllThreads done
Event: 6.076 Executing VM operation: HandshakeAllThreads
Event: 6.076 Executing VM operation: HandshakeAllThreads done
Event: 6.078 Executing VM operation: HandshakeAllThreads
Event: 6.078 Executing VM operation: HandshakeAllThreads done
Event: 6.083 Executing VM operation: HandshakeAllThreads
Event: 6.083 Executing VM operation: HandshakeAllThreads done
Event: 6.104 Executing VM operation: HandshakeAllThreads
Event: 6.104 Executing VM operation: HandshakeAllThreads done
Event: 6.149 Executing VM operation: G1CollectForAllocation
Event: 6.158 Executing VM operation: G1CollectForAllocation done
Event: 6.165 Executing VM operation: G1CollectForAllocation

Events (20 events):
Event: 6.162 loading class sun/security/ssl/SSLContextImpl$CustomizedSSLProtocols
Event: 6.162 loading class sun/security/ssl/SSLContextImpl$CustomizedSSLProtocols done
Event: 6.164 loading class sun/security/ssl/EphemeralKeyManager
Event: 6.164 loading class sun/security/ssl/EphemeralKeyManager done
Event: 6.164 loading class sun/security/ssl/EphemeralKeyManager$EphemeralKeyPair
Event: 6.164 loading class sun/security/ssl/EphemeralKeyManager$EphemeralKeyPair done
Event: 6.164 loading class sun/security/ssl/SSLSessionContextImpl
Event: 6.165 loading class javax/net/ssl/SSLSessionContext
Event: 6.165 loading class javax/net/ssl/SSLSessionContext done
Event: 6.165 loading class sun/security/ssl/SSLSessionContextImpl done
Event: 6.165 loading class sun/security/action/GetIntegerAction
Event: 6.165 loading class sun/security/action/GetIntegerAction done
Event: 6.165 loading class sun/security/ssl/SSLContextImpl$DefaultManagersHolder
Event: 6.165 loading class sun/security/ssl/SSLContextImpl$DefaultManagersHolder done
Event: 6.165 loading class javax/net/ssl/TrustManagerFactory
Event: 6.165 loading class javax/net/ssl/TrustManagerFactory done
Event: 6.165 loading class javax/net/ssl/TrustManagerFactory$1
Event: 6.165 loading class javax/net/ssl/TrustManagerFactory$1 done
Event: 6.165 loading class javax/net/ssl/TrustManagerFactorySpi
Event: 6.165 loading class javax/net/ssl/TrustManagerFactorySpi done


Dynamic libraries:
0x00007ff75aaa0000 - 0x00007ff75aaae000 	c:\Users\domin\.vscode\extensions\redhat.java-1.21.0-win32-x64\jre\17.0.7-win32-x86_64\bin\java.exe
0x00007ffbe58b0000 - 0x00007ffbe5aa8000 	C:\WINDOWS\SYSTEM32\ntdll.dll
0x00007ffbe4870000 - 0x00007ffbe492f000 	C:\WINDOWS\System32\KERNEL32.DLL
0x00007ffbe3080000 - 0x00007ffbe3376000 	C:\WINDOWS\System32\KERNELBASE.dll
0x00007ffbe3810000 - 0x00007ffbe3910000 	C:\WINDOWS\System32\ucrtbase.dll
0x00007ffbd8500000 - 0x00007ffbd8517000 	c:\Users\domin\.vscode\extensions\redhat.java-1.21.0-win32-x64\jre\17.0.7-win32-x86_64\bin\jli.dll
0x00007ffbe5100000 - 0x00007ffbe529d000 	C:\WINDOWS\System32\USER32.dll
0x00007ffbe3670000 - 0x00007ffbe3692000 	C:\WINDOWS\System32\win32u.dll
0x00007ffbe5610000 - 0x00007ffbe563c000 	C:\WINDOWS\System32\GDI32.dll
0x00007ffbe3550000 - 0x00007ffbe3665000 	C:\WINDOWS\System32\gdi32full.dll
0x00007ffbe2fe0000 - 0x00007ffbe307d000 	C:\WINDOWS\System32\msvcp_win.dll
0x00007ffbd94f0000 - 0x00007ffbd9509000 	c:\Users\domin\.vscode\extensions\redhat.java-1.21.0-win32-x64\jre\17.0.7-win32-x86_64\bin\VCRUNTIME140.dll
0x00007ffbd22c0000 - 0x00007ffbd255a000 	C:\WINDOWS\WinSxS\amd64_microsoft.windows.common-controls_6595b64144ccf1df_6.0.19041.1110_none_60b5254171f9507e\COMCTL32.dll
0x00007ffbe3a60000 - 0x00007ffbe3afe000 	C:\WINDOWS\System32\msvcrt.dll
0x00007ffbe49c0000 - 0x00007ffbe49f0000 	C:\WINDOWS\System32\IMM32.DLL
0x00007ffbdd660000 - 0x00007ffbdd66c000 	c:\Users\domin\.vscode\extensions\redhat.java-1.21.0-win32-x64\jre\17.0.7-win32-x86_64\bin\vcruntime140_1.dll
0x00007ffbaab00000 - 0x00007ffbaab91000 	c:\Users\domin\.vscode\extensions\redhat.java-1.21.0-win32-x64\jre\17.0.7-win32-x86_64\bin\msvcp140.dll
0x00007ffb94830000 - 0x00007ffb95478000 	c:\Users\domin\.vscode\extensions\redhat.java-1.21.0-win32-x64\jre\17.0.7-win32-x86_64\bin\server\jvm.dll
0x00007ffbe3bf0000 - 0x00007ffbe3c9f000 	C:\WINDOWS\System32\ADVAPI32.dll
0x00007ffbe3910000 - 0x00007ffbe39ac000 	C:\WINDOWS\System32\sechost.dll
0x00007ffbe4a60000 - 0x00007ffbe4b86000 	C:\WINDOWS\System32\RPCRT4.dll
0x00007ffbcf270000 - 0x00007ffbcf279000 	C:\WINDOWS\SYSTEM32\WSOCK32.dll
0x00007ffbe49f0000 - 0x00007ffbe4a5b000 	C:\WINDOWS\System32\WS2_32.dll
0x00007ffbcf030000 - 0x00007ffbcf057000 	C:\WINDOWS\SYSTEM32\WINMM.dll
0x00007ffbd72c0000 - 0x00007ffbd72ca000 	C:\WINDOWS\SYSTEM32\VERSION.dll
0x00007ffbe1820000 - 0x00007ffbe1832000 	C:\WINDOWS\SYSTEM32\kernel.appcore.dll
0x00007ffbda8c0000 - 0x00007ffbda8ca000 	c:\Users\domin\.vscode\extensions\redhat.java-1.21.0-win32-x64\jre\17.0.7-win32-x86_64\bin\jimage.dll
0x00007ffbe14d0000 - 0x00007ffbe16b4000 	C:\WINDOWS\SYSTEM32\DBGHELP.DLL
0x00007ffbd9480000 - 0x00007ffbd94b4000 	C:\WINDOWS\SYSTEM32\dbgcore.DLL
0x00007ffbe3780000 - 0x00007ffbe3802000 	C:\WINDOWS\System32\bcryptPrimitives.dll
0x00007ffbd2e70000 - 0x00007ffbd2e95000 	c:\Users\domin\.vscode\extensions\redhat.java-1.21.0-win32-x64\jre\17.0.7-win32-x86_64\bin\java.dll
0x00007ffbd84b0000 - 0x00007ffbd84c8000 	c:\Users\domin\.vscode\extensions\redhat.java-1.21.0-win32-x64\jre\17.0.7-win32-x86_64\bin\zip.dll
0x00007ffbe3ca0000 - 0x00007ffbe43e4000 	C:\WINDOWS\System32\SHELL32.dll
0x00007ffbe0d30000 - 0x00007ffbe14c4000 	C:\WINDOWS\SYSTEM32\windows.storage.dll
0x00007ffbe4da0000 - 0x00007ffbe50f4000 	C:\WINDOWS\System32\combase.dll
0x00007ffbe29d0000 - 0x00007ffbe29fe000 	C:\WINDOWS\SYSTEM32\Wldp.dll
0x00007ffbe39b0000 - 0x00007ffbe3a5d000 	C:\WINDOWS\System32\SHCORE.dll
0x00007ffbe3b00000 - 0x00007ffbe3b55000 	C:\WINDOWS\System32\shlwapi.dll
0x00007ffbe2ec0000 - 0x00007ffbe2ee5000 	C:\WINDOWS\SYSTEM32\profapi.dll
0x00007ffbd2cb0000 - 0x00007ffbd2cc9000 	C:\Users\domin\.vscode\extensions\redhat.java-1.21.0-win32-x64\jre\17.0.7-win32-x86_64\bin\net.dll
0x00007ffbd8550000 - 0x00007ffbd865a000 	C:\WINDOWS\SYSTEM32\WINHTTP.dll
0x00007ffbe2730000 - 0x00007ffbe279a000 	C:\WINDOWS\system32\mswsock.dll
0x00007ffbca260000 - 0x00007ffbca275000 	C:\Users\domin\.vscode\extensions\redhat.java-1.21.0-win32-x64\jre\17.0.7-win32-x86_64\bin\nio.dll
0x00007ffbe2930000 - 0x00007ffbe2948000 	C:\WINDOWS\SYSTEM32\CRYPTSP.dll
0x00007ffbe1fe0000 - 0x00007ffbe2014000 	C:\WINDOWS\system32\rsaenh.dll
0x00007ffbe3750000 - 0x00007ffbe3777000 	C:\WINDOWS\System32\bcrypt.dll
0x00007ffbe2e40000 - 0x00007ffbe2e6e000 	C:\WINDOWS\SYSTEM32\USERENV.dll
0x00007ffbe2920000 - 0x00007ffbe292c000 	C:\WINDOWS\SYSTEM32\CRYPTBASE.dll
0x00007ffbe23d0000 - 0x00007ffbe240c000 	C:\WINDOWS\SYSTEM32\IPHLPAPI.DLL
0x00007ffbe4860000 - 0x00007ffbe4868000 	C:\WINDOWS\System32\NSI.dll
0x00007ffbd86a0000 - 0x00007ffbd86b7000 	C:\WINDOWS\SYSTEM32\dhcpcsvc6.DLL
0x00007ffbd9240000 - 0x00007ffbd925d000 	C:\WINDOWS\SYSTEM32\dhcpcsvc.DLL
0x00007ffbe2410000 - 0x00007ffbe24da000 	C:\WINDOWS\SYSTEM32\DNSAPI.dll
0x00007ffbd7fa0000 - 0x00007ffbd7fa9000 	C:\Users\domin\.vscode\extensions\redhat.java-1.21.0-win32-x64\jre\17.0.7-win32-x86_64\bin\management.dll
0x00007ffbd7f20000 - 0x00007ffbd7f2b000 	C:\Users\domin\.vscode\extensions\redhat.java-1.21.0-win32-x64\jre\17.0.7-win32-x86_64\bin\management_ext.dll
0x00007ffbe54d0000 - 0x00007ffbe54d8000 	C:\WINDOWS\System32\PSAPI.DLL

dbghelp: loaded successfully - version: 4.0.5 - missing functions: none
symbol engine: initialized successfully - sym options: 0x614 - pdb path: .;c:\Users\domin\.vscode\extensions\redhat.java-1.21.0-win32-x64\jre\17.0.7-win32-x86_64\bin;C:\WINDOWS\SYSTEM32;C:\WINDOWS\WinSxS\amd64_microsoft.windows.common-controls_6595b64144ccf1df_6.0.19041.1110_none_60b5254171f9507e;c:\Users\domin\.vscode\extensions\redhat.java-1.21.0-win32-x64\jre\17.0.7-win32-x86_64\bin\server

VM Arguments:
jvm_args: -XX:+HeapDumpOnOutOfMemoryError -Xmx1024m -Dsts.lsp.client=vscode -Dsts.log.file=/dev/null -XX:TieredStopAtLevel=1 -Xlog:jni+resolve=off -Dspring.config.location=file:c:\Users\domin\.vscode\extensions\vmware.vscode-spring-boot-1.48.0\language-server\BOOT-INF\classes\application.properties 
java_command: org.springframework.ide.vscode.boot.app.BootLanguageServerBootApp
java_class_path (initial): c:\Users\domin\.vscode\extensions\vmware.vscode-spring-boot-1.48.0\language-server\BOOT-INF\classes;c:\Users\domin\.vscode\extensions\vmware.vscode-spring-boot-1.48.0\language-server\BOOT-INF\lib\annotations-24.0.1.jar;c:\Users\domin\.vscode\extensions\vmware.vscode-spring-boot-1.48.0\language-server\BOOT-INF\lib\antlr-runtime-3.5.3.jar;c:\Users\domin\.vscode\extensions\vmware.vscode-spring-boot-1.48.0\language-server\BOOT-INF\lib\antlr4-4.11.1.jar;c:\Users\domin\.vscode\extensions\vmware.vscode-spring-boot-1.48.0\language-server\BOOT-INF\lib\antlr4-runtime-4.11.1.jar;c:\Users\domin\.vscode\extensions\vmware.vscode-spring-boot-1.48.0\language-server\BOOT-INF\lib\archunit-1.0.1.jar;c:\Users\domin\.vscode\extensions\vmware.vscode-spring-boot-1.48.0\language-server\BOOT-INF\lib\asm-9.5.jar;c:\Users\domin\.vscode\extensions\vmware.vscode-spring-boot-1.48.0\language-server\BOOT-INF\lib\asm-analysis-9.5.jar;c:\Users\domin\.vscode\extensions\vmware.vscode-spring-boot-1.48.0\language-server\BOOT-INF\lib\asm-tree-9.5.jar;c:\Users\domin\.vscode\extensions\vmware.vscode-spring-boot-1.48.0\language-server\BOOT-INF\lib\asm-util-9.5.jar;c:\Users\domin\.vscode\extensions\vmware.vscode-spring-boot-1.48.0\language-server\BOOT-INF\lib\bosh-language-server-1.48.0-SNAPSHOT.jar;c:\Users\domin\.vscode\extensions\vmware.vscode-spring-boot-1.48.0\language-server\BOOT-INF\lib\caffeine-3.1.6.jar;c:\Users\domin\.vscode\extensions\vmware.vscode-spring-boot-1.48.0\language-server\BOOT-INF\lib\checker-qual-3.12.0.jar;c:\Users\domin\.vscode\extensions\vmware.vscode-spring-boot-1.48.0\language-server\BOOT-INF\lib\classgraph-4.8.149.jar;c:\Users\domin\.vscode\extensions\vmware.vscode-spring-boot-1.48.0\language-server\BOOT-INF\lib\commons-codec-1.15.jar;c:\Users\domin\.vscode\extensions\vmware.vscode-spring-boot-1.48.0\language-server\BOOT-INF\lib\commons-compress-1.23.0.jar;c:\Users\domin\.vscode\extensions\vmware.vscode-spring-boot-1.48.0\language-server\BOOT-INF\lib\
Launcher Type: SUN_STANDARD

[Global flags]
     intx CICompilerCount                          = 3                                         {product} {ergonomic}
     uint ConcGCThreads                            = 1                                         {product} {ergonomic}
     uint G1ConcRefinementThreads                  = 4                                         {product} {ergonomic}
   size_t G1HeapRegionSize                         = 1048576                                   {product} {ergonomic}
    uintx GCDrainStackTargetSize                   = 64                                        {product} {ergonomic}
     bool HeapDumpOnOutOfMemoryError               = true                                   {manageable} {command line}
   size_t InitialHeapSize                          = 134217728                                 {product} {ergonomic}
   size_t MarkStackSize                            = 4194304                                   {product} {ergonomic}
   size_t MaxHeapSize                              = 1073741824                                {product} {command line}
   size_t MaxNewSize                               = 643825664                                 {product} {ergonomic}
   size_t MinHeapDeltaBytes                        = 1048576                                   {product} {ergonomic}
   size_t MinHeapSize                              = 8388608                                   {product} {ergonomic}
    uintx NonProfiledCodeHeapSize                  = 0                                      {pd product} {ergonomic}
     bool ProfileInterpreter                       = false                                  {pd product} {command line}
    uintx ProfiledCodeHeapSize                     = 0                                      {pd product} {ergonomic}
   size_t SoftMaxHeapSize                          = 1073741824                             {manageable} {ergonomic}
     intx TieredStopAtLevel                        = 1                                         {product} {command line}
     bool UseCompressedClassPointers               = true                           {product lp64_product} {ergonomic}
     bool UseCompressedOops                        = true                           {product lp64_product} {ergonomic}
     bool UseG1GC                                  = true                                      {product} {ergonomic}
     bool UseLargePagesIndividualAllocation        = false                                  {pd product} {ergonomic}

Logging:
Log output configuration:
 #0: stdout all=warning,jni+resolve=off uptime,level,tags
 #1: stderr all=off uptime,level,tags

Environment Variables:
PATH=C:\Program Files\Eclipse Adoptium\jdk-17.0.4.101-hotspot\bin;C:\Program Files\Common Files\Oracle\Java\javapath;C:\Program Files (x86)\Common Files\Oracle\Java\javapath;C:\Program Files (x86)\Intel\Intel(R) Management Engine Components\iCLS\;C:\Program Files\Intel\Intel(R) Management Engine Components\iCLS\;C:\WINDOWS\system32;C:\WINDOWS;C:\WINDOWS\System32\Wbem;C:\WINDOWS\System32\WindowsPowerShell\v1.0\;C:\WINDOWS\System32\OpenSSH\;C:\Program Files (x86)\Intel\Intel(R) Management Engine Components\DAL;C:\Program Files\Intel\Intel(R) Management Engine Components\DAL;C:\Program Files\Intel\WiFi\bin\;C:\Program Files\Common Files\Intel\WirelessCommon\;C:\Program Files (x86)\HP\Common\HPDestPlgIn\;C:\Program Files (x86)\HP\IdrsOCR_15.2.10.1114\;D:\ccp4bin;D:\\ccp4i\bin;D:\;C:\Program Files\PuTTY\;C:\Program Files\Azure Data Studio\bin;C:\Program Files\Git\cmd;C:\Users\domin\Desktop\Programy\tak ju sensowne\apache-maven-3.9.1\bin;C:\Program Files\nodejs\;C:\Program Files\Eclipse Adoptium\jdk-17.0.4.101-hotspot\bin;C:\Program Files\Common Files\Oracle\Java\javapath;C:\Program Files (x86)\Common Files\Oracle\Java\javapath;C:\Program Files (x86)\Intel\Intel(R) Management Engine Components\iCLS\;C:\Program Files\Intel\Intel(R) Management Engine Components\iCLS\;C:\WINDOWS\system32;C:\WINDOWS;C:\WINDOWS\System32\Wbem;C:\WINDOWS\System32\WindowsPowerShell\v1.0\;C:\WINDOWS\System32\OpenSSH\;C:\Program Files (x86)\Intel\Intel(R) Management Engine Components\DAL;C:\Program Files\Intel\Intel(R) Management Engine Components\DAL;C:\Program Files\Intel\WiFi\bin\;C:\Program Files\Common Files\Intel\WirelessCommon\;C:\Program Files (x86)\HP\Common\HPDestPlgIn\;C:\Program Files (x86)\HP\IdrsOCR_15.2.10.1114\;D:\ccp4bin;D:\\ccp4i\bin;D:\;C:\Program Files\PuTTY\;C:\Program Files\Azure Data Studio\bin;C:\Program Files\Git\cmd;C:\Users\domin\Desktop\Programy\tak ju sensowne\apache-maven-3.9.1\bin;C:\Program Files\nodejs\;C:\Users\domin\Desktop\Programy\sensowne\protoc-23.2-win64\bin;C
USERNAME=domin
OS=Windows_NT
PROCESSOR_IDENTIFIER=Intel64 Family 6 Model 142 Stepping 10, GenuineIntel
TMP=C:\Users\domin\AppData\Local\Temp
TEMP=C:\Users\domin\AppData\Local\Temp



---------------  S Y S T E M  ---------------

OS:
 Windows 10 , 64 bit Build 19041 (10.0.19041.3155)
OS uptime: 0 days 9:25 hours

CPU: total 4 (initial active 4) (2 cores per cpu, 2 threads per core) family 6 model 142 stepping 10 microcode 0xb4, cx8, cmov, fxsr, ht, mmx, 3dnowpref, sse, sse2, sse3, ssse3, sse4.1, sse4.2, popcnt, lzcnt, tsc, tscinvbit, avx, avx2, aes, erms, clmul, bmi1, bmi2, adx, fma, vzeroupper, clflush, clflushopt

Memory: 4k page, system-wide physical 8076M (522M free)
TotalPageFile size 11306M (AvailPageFile size 163M)
current process WorkingSet (physical memory assigned to process): 227M, peak: 227M
current process commit charge ("private bytes"): 270M, peak: 433M

vm_info: OpenJDK 64-Bit Server VM (17.0.7+7) for windows-amd64 JRE (17.0.7+7), built on Apr 18 2023 22:10:42 by "temurin" with MS VC++ 16.7 (VS2019)

END.
